Base path: 'C:/Program Files/Unity/Hub/Editor/2019.3.2f1/Editor/Data', plugins path 'C:/Program Files/Unity/Hub/Editor/2019.3.2f1/Editor/Data/PlaybackEngines'
Cmd: initializeCompiler
Cmd: compileComputeKernel
  api=4 insize=18299 outsize=8653 ok=1
Cmd: compileComputeKernel
  api=4 insize=8070 outsize=8161 ok=1
Cmd: compileComputeKernel
  api=4 insize=3918 outsize=677 ok=1
Cmd: compileComputeKernel
  api=4 insize=12535 outsize=4218 ok=1
Cmd: compileComputeKernel
  error: 2 plat 4 at VolumetricLighting.compute(224): 'ComputeShadowColor': no matching 2 parameter function
  api=4 insize=36538 outsize=0 ok=0
Cmd: compileComputeKernel
  api=4 insize=21704 outsize=15798 ok=1
Cmd: compileComputeKernel
  api=4 insize=7918 outsize=5629 ok=1
Cmd: compileComputeKernel
  api=4 insize=8350 outsize=2100 ok=1
Cmd: compileComputeKernel
  api=4 insize=25900 outsize=15193 ok=1
Cmd: compileComputeKernel
  error: 2 plat 4 at Packages/com.unity.render-pipelines.high-definition/Runtime/Lighting/SurfaceShading.hlsl(97): 'ComputeShadowColor': no matching 2 parameter function
  api=4 insize=15603 outsize=0 ok=0
Cmd: compileComputeKernel
  error: 2 plat 4 at Packages/com.unity.render-pipelines.high-definition/Runtime/Lighting/SurfaceShading.hlsl(97): 'ComputeShadowColor': no matching 2 parameter function
  api=4 insize=15603 outsize=0 ok=0
Cmd: compileComputeKernel
  error: 2 plat 4 at Packages/com.unity.render-pipelines.high-definition/Runtime/Lighting/SurfaceShading.hlsl(97): 'ComputeShadowColor': no matching 2 parameter function
  api=4 insize=15603 outsize=0 ok=0
Cmd: compileComputeKernel
  error: 2 plat 4 at Packages/com.unity.render-pipelines.high-definition/Runtime/Lighting/SurfaceShading.hlsl(97): 'ComputeShadowColor': no matching 2 parameter function
  api=4 insize=15603 outsize=0 ok=0
Cmd: compileComputeKernel
  api=4 insize=11912 outsize=1307 ok=1
Cmd: compileComputeKernel
  api=4 insize=7423 outsize=6586 ok=1

Quitting shader compiler process
