Base path: 'C:/Program Files/Unity/Hub/Editor/2019.3.2f1/Editor/Data', plugins path 'C:/Program Files/Unity/Hub/Editor/2019.3.2f1/Editor/Data/PlaybackEngines'
Cmd: initializeCompiler
Cmd: compileComputeKernel
  api=4 insize=18299 outsize=10714 ok=1
Cmd: compileComputeKernel
  api=4 insize=7351 outsize=583 ok=1
Cmd: compileComputeKernel
  api=4 insize=1454 outsize=603 ok=1
Cmd: compileComputeKernel
  api=4 insize=1806 outsize=561 ok=1
Cmd: compileComputeKernel
  api=4 insize=1372 outsize=678 ok=1
Cmd: compileComputeKernel
  api=4 insize=12535 outsize=4886 ok=1
Cmd: compileComputeKernel
  error: 2 plat 4 at VolumetricLighting.compute(224): 'ComputeShadowColor': no matching 2 parameter function
  api=4 insize=36538 outsize=0 ok=0
Cmd: compileComputeKernel
  api=4 insize=17654 outsize=5369 ok=1
Cmd: compileComputeKernel
  api=4 insize=5065 outsize=1297 ok=1
Cmd: compileComputeKernel
  api=4 insize=25900 outsize=13735 ok=1
Cmd: compileComputeKernel
  error: 2 plat 4 at Packages/com.unity.render-pipelines.high-definition/Runtime/Lighting/SurfaceShading.hlsl(97): 'ComputeShadowColor': no matching 2 parameter function
  api=4 insize=15603 outsize=0 ok=0
Cmd: compileComputeKernel
  error: 2 plat 4 at Packages/com.unity.render-pipelines.high-definition/Runtime/Lighting/SurfaceShading.hlsl(97): 'ComputeShadowColor': no matching 2 parameter function
  api=4 insize=15603 outsize=0 ok=0
Cmd: compileComputeKernel
  error: 2 plat 4 at Packages/com.unity.render-pipelines.high-definition/Runtime/Lighting/SurfaceShading.hlsl(97): 'ComputeShadowColor': no matching 2 parameter function
  api=4 insize=15603 outsize=0 ok=0
Cmd: compileComputeKernel
  error: 2 plat 4 at Packages/com.unity.render-pipelines.high-definition/Runtime/Lighting/SurfaceShading.hlsl(97): 'ComputeShadowColor': no matching 2 parameter function
  api=4 insize=15603 outsize=0 ok=0
Cmd: compileComputeKernel
  api=4 insize=7423 outsize=1261 ok=1
