Base path: 'C:/Program Files/Unity/Hub/Editor/2019.3.2f1/Editor/Data', plugins path 'C:/Program Files/Unity/Hub/Editor/2019.3.2f1/Editor/Data/PlaybackEngines'
Cmd: initializeCompiler
Cmd: compileComputeKernel
  api=4 insize=18299 outsize=10507 ok=1
Cmd: compileComputeKernel
  api=4 insize=1176 outsize=800 ok=1
Cmd: compileComputeKernel
  api=4 insize=3022 outsize=2047 ok=1
Cmd: compileComputeKernel
  error: 2 plat 4 at VolumetricLighting.compute(224): 'ComputeShadowColor': no matching 2 parameter function
  api=4 insize=36538 outsize=0 ok=0
Cmd: compileComputeKernel
  api=4 insize=21704 outsize=14612 ok=1
Cmd: compileComputeKernel
  api=4 insize=7160 outsize=7202 ok=1
Cmd: compileComputeKernel
  api=4 insize=5065 outsize=1808 ok=1
Cmd: compileComputeKernel
  api=4 insize=10338 outsize=4045 ok=1
Cmd: compileComputeKernel
  error: 2 plat 4 at Packages/com.unity.render-pipelines.high-definition/Runtime/Lighting/SurfaceShading.hlsl(97): 'ComputeShadowColor': no matching 2 parameter function
  api=4 insize=15603 outsize=0 ok=0
Cmd: compileComputeKernel
  error: 2 plat 4 at Packages/com.unity.render-pipelines.high-definition/Runtime/Lighting/SurfaceShading.hlsl(97): 'ComputeShadowColor': no matching 2 parameter function
  api=4 insize=15603 outsize=0 ok=0
Cmd: compileComputeKernel
  error: 2 plat 4 at Packages/com.unity.render-pipelines.high-definition/Runtime/Lighting/SurfaceShading.hlsl(97): 'ComputeShadowColor': no matching 2 parameter function
  api=4 insize=15603 outsize=0 ok=0
Cmd: compileComputeKernel
  error: 2 plat 4 at Packages/com.unity.render-pipelines.high-definition/Runtime/Lighting/SurfaceShading.hlsl(97): 'ComputeShadowColor': no matching 2 parameter function
  api=4 insize=15603 outsize=0 ok=0
Cmd: compileComputeKernel
  api=4 insize=3396 outsize=2622 ok=1
Cmd: compileComputeKernel
  api=4 insize=11912 outsize=953 ok=1
Cmd: compileComputeKernel
  api=4 insize=7423 outsize=1128 ok=1
