Base path: 'C:/Program Files/Unity/Hub/Editor/2019.3.2f1/Editor/Data', plugins path 'C:/Program Files/Unity/Hub/Editor/2019.3.2f1/Editor/Data/PlaybackEngines'
Cmd: initializeCompiler
Cmd: compileComputeKernel
  api=4 insize=18299 outsize=10338 ok=1
Cmd: compileComputeKernel
  api=4 insize=21751 outsize=21741 ok=1
Cmd: compileComputeKernel
  api=4 insize=10881 outsize=9840 ok=1
Cmd: compileComputeKernel
  error: 2 plat 4 at VolumetricLighting.compute(224): 'ComputeShadowColor': no matching 2 parameter function
  api=4 insize=36538 outsize=0 ok=0
Cmd: compileComputeKernel
  api=4 insize=3654 outsize=1426 ok=1
Cmd: compileComputeKernel
  api=4 insize=7918 outsize=532 ok=1
Cmd: compileComputeKernel
  api=4 insize=4918 outsize=2055 ok=1
Cmd: compileComputeKernel
  api=4 insize=25900 outsize=15377 ok=1
Cmd: compileComputeKernel
  error: 2 plat 4 at Packages/com.unity.render-pipelines.high-definition/Runtime/Lighting/SurfaceShading.hlsl(97): 'ComputeShadowColor': no matching 2 parameter function
  api=4 insize=15603 outsize=0 ok=0
Cmd: compileComputeKernel
  error: 2 plat 4 at Packages/com.unity.render-pipelines.high-definition/Runtime/Lighting/SurfaceShading.hlsl(97): 'ComputeShadowColor': no matching 2 parameter function
  api=4 insize=15603 outsize=0 ok=0
Cmd: compileComputeKernel
  error: 2 plat 4 at Packages/com.unity.render-pipelines.high-definition/Runtime/Lighting/SurfaceShading.hlsl(97): 'ComputeShadowColor': no matching 2 parameter function
  api=4 insize=15603 outsize=0 ok=0
Cmd: compileComputeKernel
  error: 2 plat 4 at Packages/com.unity.render-pipelines.high-definition/Runtime/Lighting/SurfaceShading.hlsl(97): 'ComputeShadowColor': no matching 2 parameter function
  api=4 insize=15603 outsize=0 ok=0
Cmd: compileComputeKernel
  api=4 insize=3797 outsize=1613 ok=1
Cmd: compileComputeKernel
  api=4 insize=3107 outsize=2126 ok=1

Quitting shader compiler process
